[01m[K/home/qyb/catkin_ws/src/offbopencv/src/datasave.cpp:[m[K In function ‘[01m[Kint main(int, char**)[m[K’:
[01m[K/home/qyb/catkin_ws/src/offbopencv/src/datasave.cpp:365:13:[m[K [01;31m[Kerror: [m[Kreturn-statement with no value, in function returning ‘[01m[Kint[m[K’ [[01;31m[K-fpermissive[m[K]
             [01;31m[Kreturn[m[K;
             [01;31m[K^~~~~~[m[K
[01m[K/home/qyb/catkin_ws/src/offbopencv/src/datasave.cpp:369:26:[m[K [01;31m[Kerror: [m[K‘[01m[KimageRaw[m[K’ was not declared in this scope
             capture.read([01;31m[KimageRaw[m[K);          // 读取当前图像到imageRaw
                          [01;31m[K^~~~~~~~[m[K
[01m[K/home/qyb/catkin_ws/src/offbopencv/src/datasave.cpp:369:26:[m[K [01;36m[Knote: [m[Ksuggested alternative: ‘[01m[Kimage_pub[m[K’
             capture.read([01;36m[KimageRaw[m[K);          // 读取当前图像到imageRaw
                          [01;36m[K^~~~~~~~[m[K
                          [32m[Kimage_pub[m[K
make[2]: *** [CMakeFiles/datasave_node.dir/src/datasave.cpp.o] Error 1
make[1]: *** [CMakeFiles/datasave_node.dir/all] Error 2
make: *** [all] Error 2
