[01m[K/home/qyb/catkin_ws/src/offbopencv/src/datasave.cpp:[m[K In function â€˜[01m[Kvoid circle()[m[Kâ€™:
[01m[K/home/qyb/catkin_ws/src/offbopencv/src/datasave.cpp:188:30:[m[K [01;31m[Kerror: [m[Kexpected primary-expression before â€˜[01m[K=[m[Kâ€™ token
             char content2[10[[01;31m[K=[m[K"y:";
                              [01;31m[K^[m[K
[01m[K/home/qyb/catkin_ws/src/offbopencv/src/datasave.cpp:188:35:[m[K [01;31m[Kerror: [m[Kexpected â€˜[01m[K][m[Kâ€™ before â€˜[01m[K;[m[Kâ€™ token
             char content2[10[="y:"[01;31m[K;[m[K
                                   [01;31m[K^[m[K
[01m[K/home/qyb/catkin_ws/src/offbopencv/src/datasave.cpp:188:35:[m[K [01;31m[Kerror: [m[Kexpected â€˜[01m[K][m[Kâ€™ before â€˜[01m[K;[m[Kâ€™ token
[01m[K/home/qyb/catkin_ws/src/offbopencv/src/datasave.cpp:189:33:[m[K [01;35m[Kwarning: [m[Kformat not a string literal and no format arguments [[01;35m[K-Wformat-security[m[K]
             fprintf(fp, content1[01;35m[K)[m[K;
                                 [01;35m[K^[m[K
[01m[K/home/qyb/catkin_ws/src/offbopencv/src/datasave.cpp:191:25:[m[K [01;31m[Kerror: [m[Kâ€˜[01m[Kcontent2[m[Kâ€™ was not declared in this scope
             fprintf(fp, [01;31m[Kcontent2[m[K);
                         [01;31m[K^~~~~~~~[m[K
[01m[K/home/qyb/catkin_ws/src/offbopencv/src/datasave.cpp:191:25:[m[K [01;36m[Knote: [m[Ksuggested alternative: â€˜[01m[Kcontent1[m[Kâ€™
             fprintf(fp, [01;36m[Kcontent2[m[K);
                         [01;36m[K^~~~~~~~[m[K
                         [32m[Kcontent1[m[K
make[2]: *** [CMakeFiles/datasave_node.dir/src/datasave.cpp.o] Error 1
make[1]: *** [CMakeFiles/datasave_node.dir/all] Error 2
make: *** [all] Error 2
