[01m[K/home/qyb/catkin_ws/src/offbopencv/src/datasave.cpp:[m[K In function â€˜[01m[Kint main(int, char**)[m[Kâ€™:
[01m[K/home/qyb/catkin_ws/src/offbopencv/src/datasave.cpp:365:13:[m[K [01;31m[Kerror: [m[Kreturn-statement with no value, in function returning â€˜[01m[Kint[m[Kâ€™ [[01;31m[K-fpermissive[m[K]
             [01;31m[Kreturn[m[K;
             [01;31m[K^~~~~~[m[K
[01m[K/home/qyb/catkin_ws/src/offbopencv/src/datasave.cpp:369:26:[m[K [01;31m[Kerror: [m[Kâ€˜[01m[KimageRaw[m[Kâ€™ was not declared in this scope
             capture.read([01;31m[KimageRaw[m[K);          // è¯»å–å½“å‰å›¾åƒåˆ°imageRaw
                          [01;31m[K^~~~~~~~[m[K
[01m[K/home/qyb/catkin_ws/src/offbopencv/src/datasave.cpp:369:26:[m[K [01;36m[Knote: [m[Ksuggested alternative: â€˜[01m[Kimage_pub[m[Kâ€™
             capture.read([01;36m[KimageRaw[m[K);          // è¯»å–å½“å‰å›¾åƒåˆ°imageRaw
                          [01;36m[K^~~~~~~~[m[K
                          [32m[Kimage_pub[m[K
make[2]: *** [CMakeFiles/datasave_node.dir/src/datasave.cpp.o] Error 1
make[1]: *** [CMakeFiles/datasave_node.dir/all] Error 2
make: *** [all] Error 2
