[01m[K/home/qyb/catkin_ws/src/offbopencv/src/datasave.cpp:[m[K In function â€˜[01m[Kvoid circle()[m[Kâ€™:
[01m[K/home/qyb/catkin_ws/src/offbopencv/src/datasave.cpp:176:17:[m[K [01;31m[Kerror: [m[Kreturn-statement with a value, in function returning 'void' [[01;31m[K-fpermissive[m[K]
         return -[01;31m[K1[m[K;
                 [01;31m[K^[m[K
[01m[K/home/qyb/catkin_ws/src/offbopencv/src/datasave.cpp:178:11:[m[K [01;31m[Kerror: [m[Kâ€˜[01m[Knh[m[Kâ€™ was not declared in this scope
     while([01;31m[Knh[m[K.ok())
           [01;31m[K^~[m[K
[01m[K/home/qyb/catkin_ws/src/offbopencv/src/datasave.cpp:180:22:[m[K [01;31m[Kerror: [m[Kâ€˜[01m[KimageRaw[m[Kâ€™ was not declared in this scope
         capture.read([01;31m[KimageRaw[m[K);          // è¯»å–å½“å‰å›¾åƒåˆ°imageRaw
                      [01;31m[K^~~~~~~~[m[K
[01m[K/home/qyb/catkin_ws/src/offbopencv/src/datasave.cpp:183:9:[m[K [01;31m[Kerror: [m[Kâ€˜[01m[Kimage_pub[m[Kâ€™ was not declared in this scope
         [01;31m[Kimage_pub[m[K.publish(msg);         // å‘å¸ƒå›¾åƒä¿¡æ¯
         [01;31m[K^~~~~~~~~[m[K
make[2]: *** [CMakeFiles/datasave_node.dir/src/datasave.cpp.o] Error 1
make[1]: *** [CMakeFiles/datasave_node.dir/all] Error 2
make: *** [all] Error 2
