[01m[K/home/qyb/catkin_ws/src/offb/src/mydemo.cpp:[m[K In function â€˜[01m[Kvoid fly_high(int, double)[m[Kâ€™:
[01m[K/home/qyb/catkin_ws/src/offb/src/mydemo.cpp:86:28:[m[K [01;31m[Kerror: [m[Kâ€˜[01m[Kland_time[m[Kâ€™ was not declared in this scope
      if(ros::Time::now() - [01;31m[Kland_time[m[K > ros::Duration(2.0)){
                            [01;31m[K^~~~~~~~~[m[K
[01m[K/home/qyb/catkin_ws/src/offb/src/mydemo.cpp:86:28:[m[K [01;36m[Knote: [m[Ksuggested alternative: â€˜[01m[Kadjtime[m[Kâ€™
      if(ros::Time::now() - [01;36m[Kland_time[m[K > ros::Duration(2.0)){
                            [01;36m[K^~~~~~~~~[m[K
                            [32m[Kadjtime[m[K
[01m[K/home/qyb/catkin_ws/src/offb/src/mydemo.cpp:87:13:[m[K [01;31m[Kerror: [m[Kâ€˜[01m[Karm_cmd[m[Kâ€™ was not declared in this scope
             [01;31m[Karm_cmd[m[K.request.value = true;
             [01;31m[K^~~~~~~[m[K
[01m[K/home/qyb/catkin_ws/src/offb/src/mydemo.cpp:88:13:[m[K [01;31m[Kerror: [m[Kâ€˜[01m[Karming_client[m[Kâ€™ was not declared in this scope
             [01;31m[Karming_client[m[K.call(arm_cmd);
             [01;31m[K^~~~~~~~~~~~~[m[K
make[2]: *** [CMakeFiles/mydemo_node.dir/src/mydemo.cpp.o] Error 1
make[1]: *** [CMakeFiles/mydemo_node.dir/all] Error 2
make[1]: *** æ­£åœ¨ç­‰å¾…æœªå®Œæˆçš„ä»»åŠ¡....
make: *** [all] Error 2
