[01m[K/home/qyb/catkin_ws/src/offb/src/mydemo.cpp:[m[K In function â€˜[01m[Kvoid if_ready()[m[Kâ€™:
[01m[K/home/qyb/catkin_ws/src/offb/src/mydemo.cpp:112:23:[m[K [01;31m[Kerror: [m[Kvariable â€˜[01m[Kstd::ifstream fin[m[Kâ€™ has initializer but incomplete type
     std::ifstream  fin[01;31m[K([m[K "/home/qyb/Desktop/sampleList.txt" , std::ios::ate );
                       [01;31m[K^[m[K
[01m[K/home/qyb/catkin_ws/src/offb/src/mydemo.cpp:116:10:[m[K [01;31m[Kerror: [m[Kreturn-statement with a value, in function returning 'void' [[01;31m[K-fpermissive[m[K]
  return -[01;31m[K1[m[K;
          [01;31m[K^[m[K
[01m[K/home/qyb/catkin_ws/src/offb/src/mydemo.cpp:140:28:[m[K [01;31m[Kerror: [m[Kexpected primary-expression before â€˜[01m[K<<[m[Kâ€™ token
  cout <<"æ–°å…¥ä¸€è¡Œ : "; [01;31m[K<<[m[K line << endl;
                            [01;31m[K^~[m[K
[01m[K/home/qyb/catkin_ws/src/offb/src/mydemo.cpp:[m[K In function â€˜[01m[Kint main(int, char**)[m[Kâ€™:
[01m[K/home/qyb/catkin_ws/src/offb/src/mydemo.cpp:270:2:[m[K [01;31m[Kerror: [m[Kâ€˜[01m[Kis_ready[m[Kâ€™ was not declared in this scope
  [01;31m[Kis_ready[m[K();
  [01;31m[K^~~~~~~~[m[K
[01m[K/home/qyb/catkin_ws/src/offb/src/mydemo.cpp:270:2:[m[K [01;36m[Knote: [m[Ksuggested alternative: â€˜[01m[Kif_ready[m[Kâ€™
  [01;36m[Kis_ready[m[K();
  [01;36m[K^~~~~~~~[m[K
  [32m[Kif_ready[m[K
make[2]: *** [CMakeFiles/mydemo_node.dir/src/mydemo.cpp.o] Error 1
make[1]: *** [CMakeFiles/mydemo_node.dir/all] Error 2
make[1]: *** æ­£åœ¨ç­‰å¾…æœªå®Œæˆçš„ä»»åŠ¡....
make: *** [all] Error 2
