[01m[K/home/qyb/catkin_ws/src/offb/src/mydemo.cpp:[m[K In function â€˜[01m[Kint is_ready()[m[Kâ€™:
[01m[K/home/qyb/catkin_ws/src/offb/src/mydemo.cpp:143:27:[m[K [01;31m[Kerror: [m[Kcannot convert â€˜[01m[Kstd::__cxx11::string {aka std::__cxx11::basic_string<char>}[m[Kâ€™ to â€˜[01m[Kconst char*[m[Kâ€™ for argument â€˜[01m[K1[m[Kâ€™ to â€˜[01m[Kint sscanf(const char*, const char*, ...)[m[Kâ€™
     sscanf(line,"x:%d", &x[01;31m[K)[m[K;
                           [01;31m[K^[m[K
[01m[K/home/qyb/catkin_ws/src/offb/src/mydemo.cpp:147:12:[m[K [01;31m[Kerror: [m[Kâ€˜[01m[Kstr[m[Kâ€™ was not declared in this scope
     sscanf([01;31m[Kstr[m[K,"y:%d", &y);
            [01;31m[K^~~[m[K
[01m[K/home/qyb/catkin_ws/src/offb/src/mydemo.cpp:147:12:[m[K [01;36m[Knote: [m[Ksuggested alternative: â€˜[01m[Ksbrk[m[Kâ€™
     sscanf([01;36m[Kstr[m[K,"y:%d", &y);
            [01;36m[K^~~[m[K
            [32m[Ksbrk[m[K
make[2]: *** [CMakeFiles/mydemo_node.dir/src/mydemo.cpp.o] Error 1
make[1]: *** [CMakeFiles/mydemo_node.dir/all] Error 2
make: *** [all] Error 2
